[22:55:59] [main/INFO]: Environment: authHost='https://authserver.mojang.com', accountsHost='https://api.mojang.com', sessionHost='https://sessionserver.mojang.com', servicesHost='https://api.minecraftservices.com', name='PROD'
[22:55:59] [main/INFO]: Found new data pack file/bukkit, loading it automatically
[22:55:59] [main/INFO]: Reloading ResourceManager: Default, bukkit
[22:56:00] [Worker-Main-1/INFO]: Loaded 7 recipes
[22:56:01] [Server thread/INFO]: Starting minecraft server version 1.17.1
[22:56:01] [Server thread/INFO]: Loading properties
[22:56:01] [Server thread/INFO]: This server is running Paper version git-Paper-411 (MC: 1.17.1) (Implementing API version 1.17.1-R0.1-SNAPSHOT) (Git: 6625db3 on ver/1.17.1)
[22:56:01] [Server thread/INFO]: Server Ping Player Sample Count: 12
[22:56:01] [Server thread/INFO]: Using 4 threads for Netty based IO
[22:56:01] [Server thread/INFO]: Default game type: SURVIVAL
[22:56:01] [Server thread/INFO]: Generating keypair
[22:56:01] [Server thread/INFO]: Starting Minecraft server on *:25565
[22:56:01] [Server thread/INFO]: Using epoll channel type
[22:56:01] [Server thread/INFO]: Paper: Using libdeflate (Linux x86_64) compression from Velocity.
[22:56:01] [Server thread/INFO]: Paper: Using OpenSSL 1.1.x (Linux x86_64) cipher from Velocity.
[22:56:01] [Server thread/WARN]: **** FAILED TO BIND TO PORT!
[22:56:01] [Server thread/WARN]: The exception was: io.netty.channel.unix.Errors$NativeIoException: bind(..) failed: Address already in use
[22:56:01] [Server thread/WARN]: Perhaps a server is already running on that port?
[22:56:01] [Server thread/INFO]: Stopping server
[22:56:01] [Server thread/INFO]: Saving players
[22:56:01] [Server thread/INFO]: Saving worlds
[22:56:01] [Server thread/INFO]: ThreadedAnvilChunkStorage: All dimensions are saved
[22:56:01] [Server thread/INFO]: Flushing Chunk IO
[22:56:01] [Server thread/INFO]: Closing Thread Pool
[22:56:01] [Server thread/INFO]: Closing Server
